{"/home/javascript/github/oop-javascript-synthesized-article/source/variable-scope/index.js":{"path":"/home/javascript/github/oop-javascript-synthesized-article/source/variable-scope/index.js","s":{"1":1,"2":1,"3":1},"b":{},"f":{},"fnMap":{},"statementMap":{"1":{"start":{"line":1,"column":0},"end":{"line":1,"column":58}},"2":{"start":{"line":2,"column":0},"end":{"line":2,"column":71}},"3":{"start":{"line":3,"column":0},"end":{"line":3,"column":71}}},"branchMap":{}},"/home/javascript/github/oop-javascript-synthesized-article/source/variable-scope/function-level-scope.js":{"path":"/home/javascript/github/oop-javascript-synthesized-article/source/variable-scope/function-level-scope.js","s":{"1":1,"2":1,"3":1,"4":1,"5":1},"b":{},"f":{"1":1},"fnMap":{"1":{"name":"showBook","line":6,"loc":{"start":{"line":6,"column":0},"end":{"line":6,"column":20}}}},"statementMap":{"1":{"start":{"line":4,"column":0},"end":{"line":4,"column":27}},"2":{"start":{"line":6,"column":0},"end":{"line":11,"column":1}},"3":{"start":{"line":8,"column":2},"end":{"line":8,"column":35}},"4":{"start":{"line":10,"column":2},"end":{"line":10,"column":14}},"5":{"start":{"line":14,"column":0},"end":{"line":14,"column":26}}},"branchMap":{}},"/home/javascript/github/oop-javascript-synthesized-article/source/variable-scope/non-block-level-scope.js":{"path":"/home/javascript/github/oop-javascript-synthesized-article/source/variable-scope/non-block-level-scope.js","s":{"1":1,"2":1,"3":1,"4":1,"5":1},"b":{"1":[1,0]},"f":{},"fnMap":{},"statementMap":{"1":{"start":{"line":2,"column":0},"end":{"line":2,"column":22}},"2":{"start":{"line":5,"column":0},"end":{"line":11,"column":1}},"3":{"start":{"line":7,"column":2},"end":{"line":7,"column":27}},"4":{"start":{"line":10,"column":2},"end":{"line":10,"column":31}},"5":{"start":{"line":13,"column":0},"end":{"line":13,"column":29}}},"branchMap":{"1":{"line":5,"type":"if","locations":[{"start":{"line":5,"column":0},"end":{"line":5,"column":0}},{"start":{"line":5,"column":0},"end":{"line":5,"column":0}}]}}}}