TN:
SF:/home/javascript/github/oop-javascript-synthesized-article/source/variable-scope/index.js
FNF:0
FNH:0
DA:1,1
DA:2,1
DA:3,1
LF:3
LH:3
BRF:0
BRH:0
end_of_record
TN:
SF:/home/javascript/github/oop-javascript-synthesized-article/source/variable-scope/function-level-scope.js
FN:6,showBook
FNF:1
FNH:1
FNDA:1,showBook
DA:4,1
DA:6,1
DA:8,1
DA:10,1
DA:14,1
LF:5
LH:5
BRF:0
BRH:0
end_of_record
TN:
SF:/home/javascript/github/oop-javascript-synthesized-article/source/variable-scope/non-block-level-scope.js
FNF:0
FNH:0
DA:2,1
DA:5,1
DA:7,1
DA:10,1
DA:13,1
LF:5
LH:5
BRDA:5,1,0,1
BRDA:5,1,1,0
BRF:2
BRH:1
end_of_record
